<?xml version='1.0' encoding='UTF-8' ?>
<testsuite name="com.yuuta.androidbenchmark.ScrollBenchmark" tests="1" failures="0" errors="0" skipped="0" time="74.157" timestamp="2024-07-17T03:04:03" hostname="localhost">
  <properties>
    <property name="device" value="Pixel_8_API_34(AVD) - 14" />
    <property name="flavor" value="" />
    <property name="project" value=":androidBenchmark" />
  </properties>
  <testcase name="scroll" classname="com.yuuta.androidbenchmark.ScrollBenchmark" time="73.759" />
</testsuite>